"report-file-0"
"Time Step" "flow-time etc.."
("Time Step" "flow-time" "delta-time" "iters-per-timestep" "melting-francion" "outlet-temp" "pcm-temp" "pv-temp" "total-energy" "total-enternal-energy" "total-enthalpy" "total-entholpy-deviasion")
0 0 100 6 0 300.15 300.15 300.15 6114.127 6114.127 6224.699 6224.699
1 100 100 40 0 300.655 300.8359 302.1373 8248.985 8248.985 8359.558 8359.558
2 200 100 40 0 301.0867 301.6542 303.192 10795.91 10795.91 10906.49 10906.49
3 300 100 40 0 301.4423 302.4575 304.0483 13295.79 13295.79 13406.36 13406.36
4 400 100 40 0 301.7648 303.2249 304.804 15684.35 15684.35 15794.92 15794.92
5 500 100 40 0 302.0467 303.9327 305.4695 17887.38 17887.38 17997.95 17997.95
6 600 100 40 0 302.2992 304.5795 306.0615 19900.33 19900.33 20010.9 20010.9
7 700 100 40 0 302.5309 305.1705 306.5963 21739.88 21739.88 21850.46 21850.46
8 800 100 40 0.0002414394 302.7316 305.7 307.0661 23432.68 23432.68 23543.26 23543.26
9 900 100 40 0.003104128 302.8994 306.0899 307.3755 25176.95 25176.95 25287.52 25287.52
10 1000 100 40 0.008361509 303.0231 306.3501 307.563 26961.5 26961.5 27072.07 27072.07
11 1100 100 40 0.01513534 303.1136 306.5212 307.6869 28750.12 28750.12 28860.7 28860.7
12 1200 100 40 0.02286603 303.1751 306.6342 307.7746 30535.51 30535.51 30646.08 30646.08
13 1300 100 40 0.0311929 303.2169 306.7101 307.8396 32315.44 32315.44 32426.01 32426.01
14 1400 100 40 0.03988468 303.2486 306.7632 307.8912 34092.66 34092.66 34203.23 34203.23
15 1500 100 40 0.04869632 303.2701 306.8018 307.9321 35846.76 35846.76 35957.33 35957.33
16 1600 100 40 0.05761079 303.2866 306.8313 307.9672 37591.47 37591.47 37702.04 37702.04
17 1700 100 40 0.06659194 303.3006 306.855 307.9981 39330.56 39330.56 39441.13 39441.13
18 1800 100 40 0.0756134 303.3122 306.8749 308.0263 41065.38 41065.38 41175.96 41175.96
19 1900 100 40 0.08460268 303.3221 306.8924 308.0518 42786.61 42786.61 42897.18 42897.18
20 2000 100 40 0.093589 303.3326 306.908 308.0753 44501.57 44501.57 44612.14 44612.14
21 2100 100 40 0.1025658 303.3396 306.9221 308.0968 46209.87 46209.87 46320.45 46320.45
22 2200 100 40 0.1114936 303.3469 306.9354 308.1171 47906.97 47906.97 48017.54 48017.54
23 2300 100 40 0.1203993 303.3518 306.9482 308.1366 49598.04 49598.04 49708.62 49708.62
24 2400 100 40 0.1292846 303.3595 306.9605 308.1551 51283.93 51283.93 51394.5 51394.5
25 2500 100 40 0.1381783 303.3657 306.9727 308.1737 52971.14 52971.14 53081.71 53081.71
26 2600 100 40 0.1470408 303.3707 306.9843 308.1909 54650.68 54650.68 54761.25 54761.25
27 2700 100 40 0.1558703 303.3754 306.9965 308.2084 56325.83 56325.83 56436.4 56436.4
28 2800 100 40 0.1646757 303.3828 307.0078 308.2243 57993.65 57993.65 58104.23 58104.23
29 2900 100 40 0.1734674 303.3854 307.019 308.2404 59658.62 59658.62 59769.2 59769.2
30 3000 100 40 0.1822339 303.3904 307.0305 308.2574 61320.04 61320.04 61430.62 61430.62
31 3100 100 6 0.1909835 303.3944 307.0417 308.274 62977.6 62977.6 63088.17 63088.17
32 3200 100 6 0.1996951 303.3989 307.0532 308.2905 64628.47 64628.47 64739.04 64739.04
33 3300 100 6 0.2083591 303.4035 307.0645 308.3063 66270.13 66270.13 66380.7 66380.7
34 3400 100 6 0.217011 303.4071 307.0758 308.3225 67909.95 67909.95 68020.52 68020.52
35 3500 100 6 0.2256473 303.4116 307.0875 308.3391 69547.55 69547.55 69658.12 69658.12
36 3600 100 6 0.2342552 303.4177 307.099 308.3556 71179.54 71179.54 71290.11 71290.11
37 3700 100 6 0.2428093 303.421 307.1104 308.3715 72801.35 72801.35 72911.92 72911.92
38 3800 100 6 0.2513356 303.4249 307.1219 308.3874 74418.15 74418.15 74528.73 74528.73
39 3900 100 6 0.2598625 303.4286 307.1337 308.4038 76035.76 76035.76 76146.33 76146.33
40 4000 100 6 0.268325 303.4331 307.1453 308.4194 77641.09 77641.09 77751.67 77751.67
41 4100 100 6 0.2767374 303.4374 307.157 308.4351 79237.42 79237.42 79347.99 79347.99
42 4200 100 6 0.2851208 303.4412 307.1693 308.4521 80830.16 80830.16 80940.73 80940.73
43 4300 100 6 0.2934822 303.4441 307.1817 308.4695 82419.45 82419.45 82530.02 82530.02
44 4400 100 6 0.301782 303.4502 307.1941 308.4859 83996.83 83996.83 84107.41 84107.41
45 4500 100 6 0.3100635 303.4532 307.2069 308.5035 85572.52 85572.52 85683.1 85683.1
46 4600 100 6 0.318327 303.4583 307.22 308.5211 87145.45 87145.45 87256.02 87256.02
47 4700 100 6 0.3265419 303.4622 307.2331 308.5381 88709.4 88709.4 88819.97 88819.97
48 4800 100 6 0.3347296 303.4665 307.2461 308.5551 90268.27 90268.27 90378.84 90378.84
49 4900 100 6 0.3428919 303.4693 307.2596 308.5727 91823.95 91823.95 91934.52 91934.52
50 5000 100 6 0.350992 303.4745 307.2731 308.5895 93367.91 93367.91 93478.48 93478.48
51 5100 100 6 0.3591007 303.4777 307.2877 308.6091 94916.7 94916.7 95027.27 95027.27
52 5200 100 6 0.3672141 303.4841 307.3028 308.6302 96468.31 96468.31 96578.88 96578.88
53 5300 100 6 0.3753005 303.4877 307.3181 308.6504 98015.16 98015.16 98125.73 98125.73
54 5400 100 6 0.3833742 303.4917 307.3337 308.671 99561.02 99561.02 99671.59 99671.59
55 5500 100 6 0.3914182 303.4971 307.3498 308.6915 101102.7 101102.7 101213.2 101213.2
56 5600 100 6 0.3994292 303.5003 307.3658 308.7116 102638.1 102638.1 102748.6 102748.6
57 5700 100 6 0.4074391 303.5062 307.3828 308.7336 104176.3 104176.3 104286.8 104286.8
58 5800 100 6 0.4154695 303.5105 307.4006 308.757 105720.5 105720.5 105831.1 105831.1
59 5900 100 6 0.4234967 303.515 307.4187 308.7805 107265.4 107265.4 107376 107376
60 6000 100 6 0.4314998 303.5202 307.4374 308.8036 108807.7 108807.7 108918.2 108918.2
61 6100 100 6 0.4394987 303.5254 307.4565 308.827 110350.3 110350.3 110460.9 110460.9
62 6200 100 6 0.4474437 303.5307 307.4759 308.8499 111883.8 111883.8 111994.4 111994.4
63 6300 100 6 0.4553777 303.5356 307.4958 308.8736 113417.1 113417.1 113527.7 113527.7
64 6400 100 6 0.4632576 303.5403 307.5158 308.8961 114940.5 114940.5 115051.1 115051.1
65 6500 100 6 0.471118 303.5461 307.5366 308.9196 116462.8 116462.8 116573.4 116573.4
66 6600 100 6 0.478911 303.551 307.5582 308.943 117974.9 117974.9 118085.5 118085.5
67 6700 100 6 0.4866529 303.5557 307.5804 308.9671 119479.4 119479.4 119590 119590
68 6800 100 6 0.4943439 303.5612 307.6046 308.9932 120981.1 120981.1 121091.7 121091.7
69 6900 100 6 0.5020045 303.5685 307.6298 309.0202 122480 122480 122590.6 122590.6
70 7000 100 6 0.5096253 303.5731 307.6568 309.049 123977.1 123977.1 124087.6 124087.6
71 7100 100 6 0.5172341 303.5804 307.6859 309.0805 125478.4 125478.4 125589 125589
72 7200 100 6 0.5247892 303.587 307.7152 309.1112 126970.9 126970.9 127081.4 127081.4
73 7300 100 6 0.5322833 303.5941 307.7456 309.142 128455.1 128455.1 128565.7 128565.7
74 7400 100 6 0.5397058 303.602 307.7781 309.1745 129932.4 129932.4 130042.9 130042.9
75 7500 100 6 0.5470543 303.6075 307.8113 309.2069 131398.5 131398.5 131509.1 131509.1
76 7600 100 6 0.5543204 303.6167 307.8466 309.2413 132855.6 132855.6 132966.2 132966.2
77 7700 100 6 0.5614958 303.6251 307.8825 309.2752 134298 134298 134408.6 134408.6
78 7800 100 6 0.5686104 303.6343 307.921 309.3117 135736.9 135736.9 135847.4 135847.4
79 7900 100 6 0.5756097 303.6425 307.9614 309.3486 137160.5 137160.5 137271 137271
80 8000 100 6 0.5824367 303.6516 308.0068 309.3872 138567.8 138567.8 138678.4 138678.4
81 8100 100 6 0.5891533 303.6604 308.0548 309.4286 139962.6 139962.6 140073.2 140073.2
82 8200 100 6 0.5958109 303.6694 308.1025 309.4712 141345.5 141345.5 141456.1 141456.1
83 8300 100 6 0.6023647 303.6803 308.151 309.514 142711.8 142711.8 142822.4 142822.4
84 8400 100 6 0.6088554 303.6902 308.2004 309.5591 144069.2 144069.2 144179.8 144179.8
85 8500 100 6 0.6152772 303.7007 308.2509 309.6054 145417.3 145417.3 145527.8 145527.8
86 8600 100 6 0.6216165 303.7123 308.3026 309.6518 146753.7 146753.7 146864.2 146864.2
87 8700 100 6 0.6278211 303.7256 308.3587 309.7002 148078.8 148078.8 148189.3 148189.3
88 8800 100 6 0.6339307 303.7385 308.4179 309.7513 149395.8 149395.8 149506.3 149506.3
89 8900 100 6 0.6399812 303.7526 308.4772 309.8036 150702.2 150702.2 150812.8 150812.8
90 9000 100 6 0.6459615 303.7663 308.535 309.8544 151991 151991 152101.6 152101.6
91 9100 100 6 0.6518869 303.7805 308.5923 309.9054 153268.2 153268.2 153378.7 153378.7
92 9200 100 6 0.6577598 303.7941 308.6491 309.9558 154534.1 154534.1 154644.7 154644.7
93 9300 100 6 0.6635839 303.8076 308.7052 310.0061 155788.6 155788.6 155899.2 155899.2
94 9400 100 6 0.669349 303.822 308.7606 310.0554 157029.9 157029.9 157140.5 157140.5
95 9500 100 6 0.67506 303.8372 308.8153 310.1041 158259.3 158259.3 158369.9 158369.9
96 9600 100 6 0.6807036 303.8489 308.8699 310.1521 159475.7 159475.7 159586.3 159586.3
97 9700 100 6 0.6862847 303.8633 308.9236 310.1988 160677.7 160677.7 160788.2 160788.2
98 9800 100 6 0.691811 303.8776 308.978 310.2466 161871.8 161871.8 161982.4 161982.4
99 9900 100 6 0.6972485 303.8916 309.0322 310.2925 163048.5 163048.5 163159.1 163159.1
100 10000 100 6 0.7025809 303.9081 309.0905 310.3415 164218.8 164218.8 164329.4 164329.4
101 10100 100 6 0.7078071 303.9219 309.1495 310.3898 165371.5 165371.5 165482.1 165482.1
102 10200 100 6 0.7129461 303.9385 309.2093 310.4396 166510.6 166510.6 166621.1 166621.1
103 10300 100 6 0.7180287 303.9552 309.2689 310.4899 167638.6 167638.6 167749.2 167749.2
104 10400 100 6 0.723032 303.9708 309.3272 310.539 168747.9 168747.9 168858.4 168858.4
105 10500 100 6 0.727979 303.9876 309.3864 310.5897 169849.3 169849.3 169959.9 169959.9
106 10600 100 6 0.7328607 304.0034 309.4447 310.6391 170935.9 170935.9 171046.5 171046.5
