"report-file-0"
"Time Step" "flow-time etc.."
("Time Step" "flow-time" "delta-time" "iters-per-timestep" "melting-fraction" "outlet-temp" "pcm-temp" "pv-temp" "total-energy__" "total-enthalpy")
0 0 100 0 0 300.15 300.15 300.15 6114.127 6224.699
1 100 100 40 0 300.9211 300.7979 302.3105 8130.519 8241.091
2 200 100 40 0 301.539 301.5151 303.4206 10362.86 10473.43
3 300 100 40 0 302.0494 302.2277 304.2926 12580.79 12691.36
4 400 100 40 0 302.4846 302.9146 305.0273 14718.65 14829.22
5 500 100 40 0 302.8662 303.5715 305.6751 16763.11 16873.68
6 600 100 40 0 303.2104 304.1968 306.2623 18709.3 18819.87
7 700 100 40 0 303.5208 304.7863 306.7948 20544.14 20654.71
8 800 100 7 0.000650178 303.7964 305.3176 307.2431 22318.04 22428.61
9 900 100 7 0.003680916 304.0196 305.7335 307.5255 24174.39 24284.96
10 1000 100 7 0.008651203 304.1858 306.0502 307.704 26081.96 26192.53
11 1100 100 7 0.01498668 304.2996 306.2917 307.826 28008.41 28118.98
12 1200 100 7 0.02228973 304.381 306.4761 307.916 29936.27 30046.84
13 1300 100 7 0.03030831 304.4412 306.6166 307.9878 31860.7 31971.27
14 1400 100 7 0.03883592 304.488 306.7242 308.0477 33776.71 33887.28
15 1500 100 7 0.04775113 304.5251 306.8062 308.0996 35685.15 35795.72
16 1600 100 7 0.05694737 304.5533 306.8689 308.1454 37585.43 37696
17 1700 100 7 0.06634475 304.5789 306.917 308.1866 39477.73 39588.3
18 1800 100 7 0.07589716 304.5982 306.9547 308.225 41366.14 41476.71
19 1900 100 7 0.08557199 304.6141 306.9848 308.2611 43254.03 43364.61
20 2000 100 7 0.09530558 304.631 307.0094 308.2946 45135.32 45245.89
21 2100 100 7 0.1051063 304.6439 307.0303 308.3268 47017.78 47128.35
22 2200 100 7 0.1149378 304.6571 307.0486 308.3574 48898 49008.57
23 2300 100 7 0.1247712 304.6702 307.0654 308.3867 50773.46 50884.03
24 2400 100 7 0.1346053 304.6816 307.081 308.416 52645.65 52756.22
25 2500 100 7 0.144389 304.692 307.096 308.4461 54506.35 54616.93
26 2600 100 7 0.1541395 304.7028 307.1107 308.4767 56360.33 56470.91
27 2700 100 7 0.1638343 304.7133 307.1254 308.5078 58203.55 58314.12
28 2800 100 7 0.1734714 304.7242 307.1401 308.5395 60036.44 60147.02
29 2900 100 7 0.1830599 304.7335 307.1549 308.5717 61860.5 61971.07
30 3000 100 7 0.1926003 304.7433 307.17 308.6048 63676.7 63787.27
31 3100 100 7 0.2020746 304.754 307.1857 308.6392 65482.24 65592.81
32 3200 100 7 0.2114957 304.7639 307.2021 308.6751 67280.14 67390.72
33 3300 100 7 0.2208711 304.7742 307.2186 308.7111 69070 69180.58
34 3400 100 7 0.2301923 304.7845 307.2354 308.7469 70850.86 70961.44
35 3500 100 7 0.2394539 304.796 307.2526 308.7826 72621.47 72732.05
36 3600 100 7 0.2486605 304.8062 307.2703 308.8193 74383.94 74494.52
37 3700 100 7 0.2578202 304.8162 307.2888 308.8572 76140.09 76250.66
38 3800 100 7 0.2669261 304.8287 307.3073 308.894 77886.05 77996.63
39 3900 100 7 0.2759961 304.8399 307.3262 308.9308 79626.6 79737.17
40 4000 100 7 0.2850148 304.8529 307.3452 308.9669 81358.04 81468.61
41 4100 100 7 0.2939801 304.866 307.3646 309.0031 83080.76 83191.33
42 4200 100 7 0.302897 304.8795 307.3846 309.04 84796.5 84907.07
43 4300 100 7 0.3117601 304.8922 307.4049 309.0769 86503.22 86613.79
44 4400 100 7 0.3205874 304.9064 307.426 309.1148 88205.62 88316.19
45 4500 100 7 0.3293654 304.9193 307.447 309.1518 89898.93 90009.5
46 4600 100 7 0.338093 304.9323 307.4683 309.1885 91583.41 91693.98
47 4700 100 7 0.3467809 304.9467 307.4901 309.2256 93262.35 93372.92
48 4800 100 7 0.3554131 304.9594 307.5123 309.2626 94932.05 95042.62
49 4900 100 7 0.3640092 304.9731 307.5348 309.2994 96595.91 96706.48
50 5000 100 7 0.3725585 304.9863 307.5573 309.3358 98251.48 98362.06
51 5100 100 7 0.3810649 305.0005 307.58 309.3716 99899.37 100009.9
52 5200 100 7 0.3895337 305.0143 307.6031 309.4078 101541.5 101652
53 5300 100 7 0.3979695 305.0286 307.6264 309.4439 103178.4 103289
54 5400 100 7 0.4063617 305.0428 307.6499 309.4796 104807.8 104918.4
55 5500 100 7 0.4147109 305.0546 307.6736 309.515 106429.6 106540.2
56 5600 100 7 0.4230143 305.07 307.6971 309.5494 108042.6 108153.1
57 5700 100 7 0.431282 305.084 307.721 309.5841 109650.1 109760.6
58 5800 100 7 0.4395081 305.0991 307.7448 309.6179 111249.5 111360.1
59 5900 100 7 0.4476996 305.112 307.7691 309.6523 112844 112954.6
60 6000 100 7 0.4558435 305.1275 307.793 309.6853 114428.5 114539
61 6100 100 7 0.4639497 305.1437 307.8173 309.7186 116007.1 116117.6
62 6200 100 7 0.472014 305.1589 307.8416 309.7516 117578.1 117688.7
63 6300 100 7 0.4800413 305.1758 307.8662 309.7847 119143.3 119253.9
64 6400 100 7 0.4880312 305.1917 307.8909 309.8174 120701.5 120812.1
65 6500 100 7 0.4959727 305.2081 307.9151 309.8487 122249.6 122360.2
66 6600 100 7 0.5038667 305.2249 307.9395 309.88 123789.3 123899.9
67 6700 100 7 0.5117156 305.2402 307.964 309.911 125320.9 125431.4
68 6800 100 7 0.5195287 305.2575 307.9888 309.9422 126846.8 126957.3
69 6900 100 7 0.5272865 305.2738 308.0133 309.9724 128361.8 128472.3
70 7000 100 7 0.535001 305.2892 308.038 310.0022 129868.9 129979.4
71 7100 100 7 0.5426748 305.3049 308.0624 310.0314 131367.8 131478.4
72 7200 100 7 0.5502917 305.3217 308.0866 310.0596 132855.7 132966.2
73 7300 100 7 0.5578639 305.3383 308.1111 310.088 134335.9 134446.5
74 7400 100 7 0.5653967 305.3536 308.136 310.1171 135810.1 135920.7
75 7500 100 7 0.5728891 305.3694 308.1607 310.1456 137276.5 137387.1
76 7600 100 7 0.5803371 305.3856 308.1854 310.1734 138734.4 138844.9
77 7700 100 7 0.5877392 305.4019 308.2102 310.201 140184.1 140294.7
78 7800 100 7 0.5950954 305.4176 308.2351 310.2285 141625.6 141736.2
79 7900 100 7 0.6024066 305.4331 308.2599 310.2555 143058.5 143169.1
80 8000 100 7 0.6096761 305.4496 308.2848 310.2822 144484 144594.5
81 8100 100 7 0.6168963 305.4652 308.3097 310.3084 145900.3 146010.9
82 8200 100 7 0.624072 305.4827 308.3347 310.3346 147308.6 147419.2
83 8300 100 7 0.6312062 305.4966 308.3598 310.3607 148709.7 148820.3
84 8400 100 7 0.6382871 305.5121 308.3848 310.386 150100.5 150211.1
85 8500 100 7 0.6453235 305.5288 308.4103 310.4119 151484.6 151595.2
86 8600 100 7 0.6523159 305.5446 308.4358 310.4373 152860.6 152971.1
87 8700 100 7 0.6592661 305.5608 308.4615 310.4629 154229.5 154340
88 8800 100 7 0.6661712 305.5758 308.4875 310.4883 155590.7 155701.3
89 8900 100 7 0.6730288 305.5916 308.5141 310.5143 156945.2 157055.8
90 9000 100 7 0.6798334 305.6083 308.5408 310.5395 158290 158400.6
91 9100 100 7 0.6865844 305.624 308.5679 310.5647 159626.2 159736.8
92 9200 100 7 0.6932818 305.6402 308.5962 310.5905 160956 161066.5
93 9300 100 7 0.6999012 305.6562 308.6261 310.6165 162276.5 162387.1
94 9400 100 7 0.7064278 305.6728 308.658 310.6425 163585.9 163696.5
95 9500 100 7 0.712815 305.6881 308.6955 310.6706 164887.3 164997.8
96 9600 100 7 0.7190439 305.7073 308.7381 310.7004 166174.9 166285.5
97 9700 100 7 0.7251433 305.7255 308.7842 310.7324 167449.4 167560
98 9800 100 7 0.7311 305.7426 308.8344 310.7672 168709.9 168820.5
99 9900 100 7 0.7369346 305.7647 308.8878 310.805 169958.3 170068.8
100 10000 100 7 0.7426432 305.7861 308.944 310.8442 171191.5 171302.1
101 10100 100 7 0.7481993 305.808 309.0039 310.885 172408.2 172518.8
102 10200 100 7 0.7536307 305.8337 309.0667 310.9285 173610.8 173721.4
103 10300 100 7 0.7589404 305.8575 309.1323 310.9749 174799.6 174910.2
104 10400 100 7 0.7641281 305.8856 309.1993 311.0221 175970 176080.6
105 10500 100 7 0.7691979 305.912 309.268 311.0707 177124 177234.6
106 10600 100 7 0.7741551 305.9389 309.3379 311.1203 178260.8 178371.3
107 10700 100 7 0.7790042 305.9656 309.4085 311.1706 179379.8 179490.3
108 10800 100 7 0.7837633 305.9958 309.4804 311.2226 180485.9 180596.5
