"report-file-0"
"Time Step" "flow-time etc.."
("Time Step" "flow-time" "delta-time" "iters-per-timestep" "melting-francion" "outlet-temp" "pcm-temp" "pv-temp" "total-energy" "total-enternal-energy" "total-enthalpy" "total-entholpy-deviasion")
0 0 100 0 0 300.15 300.15 300.15 6516.147 6516.147 6633.904 6633.904
1 100 100 40 0 300.8303 300.8439 302.1676 8817.908 8817.908 8935.665 8935.665
2 200 100 40 0 301.4361 301.6793 303.2567 11588.81 11588.81 11706.57 11706.57
3 300 100 40 0 301.9396 302.5064 304.1476 14332.25 14332.25 14450.01 14450.01
4 400 100 40 0 302.4016 303.3064 304.944 16985.92 16985.92 17103.68 17103.68
5 500 100 40 0 302.8092 304.0467 305.6437 19441.49 19441.49 19559.25 19559.25
6 600 100 40 0 303.1928 304.734 306.28 21721.14 21721.14 21838.9 21838.9
7 700 100 40 0 303.5388 305.3633 306.8522 23808.37 23808.37 23926.12 23926.12
8 800 100 10 0.0007522102 303.8344 305.9146 307.3372 25788.76 25788.76 25906.52 25906.52
9 900 100 10 0.004883767 304.0802 306.2973 307.6294 27891.11 27891.11 28008.86 28008.86
10 1000 100 10 0.01149256 304.2508 306.547 307.8043 30051.64 30051.64 30169.4 30169.4
11 1100 100 10 0.01967075 304.3638 306.706 307.9174 32227.68 32227.68 32345.43 32345.43
12 1200 100 10 0.02881394 304.4421 306.8092 307.9984 34413.03 34413.03 34530.79 34530.79
13 1300 100 10 0.03849857 304.4941 306.8786 308.0604 36595.51 36595.51 36713.27 36713.27
14 1400 100 10 0.04847932 304.5333 306.9273 308.1101 38769.14 38769.14 38886.89 38886.89
15 1500 100 10 0.05862241 304.5595 306.9635 308.1516 40933.91 40933.91 41051.67 41051.67
16 1600 100 10 0.06887657 304.5786 306.9915 308.1878 43094.19 43094.19 43211.95 43211.95
17 1700 100 10 0.07918206 304.5938 307.0145 308.2201 45247.84 45247.84 45365.6 45365.6
18 1800 100 10 0.08949862 304.6082 307.0336 308.2488 47390.82 47390.82 47508.58 47508.58
19 1900 100 10 0.09978191 304.6201 307.0504 308.275 49519.78 49519.78 49637.54 49637.54
20 2000 100 10 0.1100567 304.6292 307.0655 308.2994 51641.09 51641.09 51758.85 51758.85
21 2100 100 10 0.1203291 304.6397 307.0797 308.3226 53759.05 53759.05 53876.81 53876.81
22 2200 100 10 0.1305544 304.6485 307.0934 308.3447 55865.67 55865.67 55983.43 55983.43
23 2300 100 10 0.1407893 304.6547 307.1064 308.3663 57972.25 57972.25 58090.01 58090.01
24 2400 100 10 0.1510224 304.6639 307.1191 308.387 60077.29 60077.29 60195.05 60195.05
25 2500 100 10 0.1611721 304.6709 307.1314 308.4059 62163.97 62163.97 62281.72 62281.72
26 2600 100 10 0.1713403 304.6757 307.1438 308.4255 64254.89 64254.89 64372.64 64372.64
27 2700 100 10 0.1814813 304.6852 307.1558 308.4438 66339.2 66339.2 66456.95 66456.95
28 2800 100 10 0.1916194 304.691 307.1681 308.463 68423.63 68423.63 68541.39 68541.39
29 2900 100 10 0.2017202 304.6981 307.1804 308.4821 70500.63 70500.63 70618.39 70618.39
30 3000 100 10 0.2117883 304.7038 307.1925 308.5012 72570.56 72570.56 72688.32 72688.32
31 3100 100 10 0.2218293 304.7096 307.2047 308.52 74635.13 74635.13 74752.89 74752.89
32 3200 100 10 0.2318231 304.7176 307.2171 308.5388 76690.95 76690.95 76808.7 76808.7
33 3300 100 10 0.2418077 304.7234 307.2294 308.5575 78744.55 78744.55 78862.3 78862.3
34 3400 100 10 0.2517336 304.73 307.2418 308.5765 80786.62 80786.62 80904.38 80904.38
35 3500 100 10 0.2616232 304.7353 307.2544 308.5956 82821.98 82821.98 82939.73 82939.73
36 3600 100 10 0.2714878 304.7404 307.267 308.6144 84852.61 84852.61 84970.37 84970.37
37 3700 100 10 0.2813185 304.7485 307.28 308.6335 86877.3 86877.3 86995.05 86995.05
38 3800 100 10 0.2911067 304.7535 307.2929 308.6523 88893.55 88893.55 89011.3 89011.3
39 3900 100 10 0.3008421 304.7609 307.3059 308.6711 90899.26 90899.26 91017.01 91017.01
40 4000 100 10 0.3105492 304.7655 307.319 308.6902 92899.39 92899.39 93017.15 93017.15
41 4100 100 10 0.3202397 304.7715 307.333 308.711 94899.36 94899.36 95017.11 95017.11
42 4200 100 10 0.3298648 304.7775 307.347 308.7307 96886.02 96886.02 97003.78 97003.78
43 4300 100 10 0.3394652 304.7849 307.3617 308.752 98870.16 98870.16 98987.91 98987.91
44 4400 100 10 0.3490152 304.7908 307.3759 308.7722 100842.5 100842.5 100960.2 100960.2
45 4500 100 10 0.3585322 304.7984 307.3906 308.7931 102809.9 102809.9 102927.7 102927.7
46 4600 100 10 0.3679812 304.8028 307.4054 308.8131 104764 104764 104881.7 104881.7
47 4700 100 10 0.3774263 304.8084 307.4212 308.8355 106720.3 106720.3 106838.1 106838.1
48 4800 100 10 0.3868843 304.8164 307.4373 308.8592 108680.4 108680.4 108798.2 108798.2
49 4900 100 10 0.3963479 304.8229 307.4542 308.8833 110644.1 110644.1 110761.8 110761.8
50 5000 100 10 0.4057804 304.8294 307.4711 308.9067 112601.8 112601.8 112719.5 112719.5
51 5100 100 10 0.4151858 304.8362 307.4886 308.9306 114555.7 114555.7 114673.5 114673.5
52 5200 100 10 0.4245673 304.8432 307.507 308.9557 116508.1 116508.1 116625.9 116625.9
53 5300 100 10 0.4339688 304.8508 307.5268 308.9839 118469 118469 118586.8 118586.8
54 5400 100 10 0.4433661 304.8572 307.5465 309.0107 120428.8 120428.8 120546.5 120546.5
55 5500 100 10 0.452768 304.8656 307.5667 309.0379 122391.2 122391.2 122508.9 122508.9
56 5600 100 10 0.4621686 304.8733 307.5871 309.0651 124353.7 124353.7 124471.5 124471.5
57 5700 100 10 0.4715359 304.8817 307.6083 309.0923 126312.5 126312.5 126430.2 126430.2
58 5800 100 10 0.4808432 304.8884 307.6299 309.1189 128260.4 128260.4 128378.2 128378.2
59 5900 100 10 0.4901064 304.8984 307.6521 309.1459 130201.4 130201.4 130319.2 130319.2
60 6000 100 10 0.4993456 304.9067 307.6751 309.1743 132140.4 132140.4 132258.2 132258.2
61 6100 100 10 0.5085703 304.9148 307.6992 309.2041 134080.1 134080.1 134197.8 134197.8
62 6200 100 10 0.5177695 304.9237 307.7247 309.2351 136018.9 136018.9 136136.7 136136.7
63 6300 100 10 0.5269472 304.9341 307.7507 309.2663 137955.2 137955.2 138073 138073
64 6400 100 10 0.5360819 304.9431 307.7781 309.2982 139887.8 139887.8 140005.6 140005.6
65 6500 100 10 0.5451821 304.9529 307.8058 309.3299 141814.3 141814.3 141932 141932
66 6600 100 10 0.5542045 304.961 307.8347 309.3613 143728.8 143728.8 143846.5 143846.5
67 6700 100 10 0.5631378 304.9729 307.8664 309.3948 145634.7 145634.7 145752.4 145752.4
68 6800 100 10 0.5719941 304.983 307.8993 309.4292 147529.2 147529.2 147646.9 147646.9
69 6900 100 10 0.58077 304.9933 307.9337 309.4644 149412.4 149412.4 149530.2 149530.2
70 7000 100 10 0.5894494 305.0032 307.9703 309.5013 151283.7 151283.7 151401.4 151401.4
71 7100 100 10 0.5980343 305.0133 308.0094 309.5405 153144 153144 153261.7 153261.7
72 7200 100 10 0.6065396 305.0251 308.05 309.5806 154993.3 154993.3 155111 155111
73 7300 100 10 0.614962 305.0376 308.0926 309.6226 156832.5 156832.5 156950.3 156950.3
74 7400 100 10 0.6232932 305.0506 308.1378 309.6663 158661.8 158661.8 158779.6 158779.6
75 7500 100 10 0.6315362 305.0643 308.1842 309.7108 160477.6 160477.6 160595.4 160595.4
76 7600 100 10 0.6397098 305.0785 308.2328 309.7572 162286.6 162286.6 162404.3 162404.3
77 7700 100 10 0.6477786 305.0936 308.2856 309.8063 164088 164088 164205.7 164205.7
78 7800 100 10 0.6556468 305.1111 308.3441 309.8567 165868.4 165868.4 165986.2 165986.2
79 7900 100 10 0.6633371 305.1265 308.4088 309.912 167633.2 167633.2 167750.9 167750.9
80 8000 100 10 0.67092 305.1452 308.4746 309.9701 169380 169380 169497.8 169497.8
81 8100 100 10 0.6784235 305.1661 308.5415 310.0301 171114.8 171114.8 171232.6 171232.6
82 8200 100 10 0.6858456 305.1882 308.6109 310.0934 172841.2 172841.2 172958.9 172958.9
83 8300 100 10 0.6930999 305.2114 308.6845 310.1576 174547.5 174547.5 174665.3 174665.3
84 8400 100 10 0.7001712 305.2373 308.7625 310.2234 176232 176232 176349.7 176349.7
85 8500 100 10 0.7071338 305.2626 308.8396 310.2896 177891.3 177891.3 178009 178009
86 8600 100 10 0.7140329 305.2883 308.9161 310.3579 179535.7 179535.7 179653.4 179653.4
87 8700 100 10 0.7208503 305.3183 308.9921 310.4263 181162.2 181162.2 181280 181280
88 8800 100 10 0.7275822 305.3463 309.0679 310.4941 182770.6 182770.6 182888.4 182888.4
89 8900 100 10 0.7342231 305.3784 309.1439 310.5623 184361.4 184361.4 184479.1 184479.1
90 9000 100 10 0.7407767 305.4111 309.22 310.6304 185935 185935 186052.8 186052.8
91 9100 100 10 0.7472193 305.4467 309.2976 310.6989 187491.4 187491.4 187609.1 187609.1
92 9200 100 10 0.7535049 305.4828 309.3783 310.7682 189026 189026 189143.8 189143.8
93 9300 100 10 0.7596667 305.5195 309.4608 310.8394 190542 190542 190659.8 190659.8
94 9400 100 10 0.7657412 305.5617 309.5436 310.9119 192041.2 192041.2 192158.9 192158.9
95 9500 100 10 0.7717524 305.6053 309.6262 310.9858 193526.8 193526.8 193644.6 193644.6
96 9600 100 10 0.7776992 305.6492 309.7086 311.0602 194998.8 194998.8 195116.6 195116.6
97 9700 100 10 0.7835375 305.6966 309.7899 311.1323 196445.8 196445.8 196563.5 196563.5
98 9800 100 10 0.7892724 305.7443 309.8722 311.205 197874.8 197874.8 197992.5 197992.5
99 9900 100 10 0.7948928 305.7895 309.9535 311.2758 199277.4 199277.4 199395.1 199395.1
100 10000 100 10 0.8004032 305.8405 310.0351 311.3468 200659 200659 200776.8 200776.8
101 10100 100 10 0.8058035 305.8903 310.1177 311.4188 202021.5 202021.5 202139.2 202139.2
102 10200 100 10 0.8110878 305.9425 310.2004 311.49 203361.2 203361.2 203479 203479
103 10300 100 10 0.8162627 305.9969 310.2834 311.5611 204679.8 204679.8 204797.5 204797.5
104 10400 100 10 0.8213102 306.0503 310.367 311.6321 205974.4 205974.4 206092.1 206092.1
105 10500 100 10 0.8261952 306.1075 310.4521 311.7025 207241.6 207241.6 207359.3 207359.3
106 10600 100 10 0.8309098 306.1699 310.5403 311.7743 208484.4 208484.4 208602.1 208602.1
107 10700 100 10 0.8354269 306.2332 310.6312 311.846 209696.5 209696.5 209814.2 209814.2
108 10800 100 10 0.8396995 306.2952 310.7286 311.9199 210881.2 210881.2 210998.9 210998.9
