"report-file-0"
"Time Step" "flow-time etc.."
("Time Step" "flow-time" "delta-time" "iters-per-timestep" "melting-francion" "outlet-temp" "pcm-temp" "pv-temp" "total-energy" "total-enternal-energy" "total-enthalpy" "total-entholpy-deviasion")
0 0 100 0 0 300.15 300.15 300.15 6114.127 6114.127 6224.699 6224.699
1 100 100 40 0 300.8054 300.8515 302.1603 8297.54 8297.54 8408.112 8408.112
2 200 100 40 0 301.391 301.6955 303.2478 10924.23 10924.23 11034.81 11034.81
3 300 100 40 0 301.8869 302.5304 304.1417 13522.67 13522.67 13633.24 13633.24
4 400 100 40 0 302.3391 303.3388 304.9445 16038.72 16038.72 16149.29 16149.29
5 500 100 40 0 302.7422 304.0887 305.6548 18372.82 18372.82 18483.39 18483.39
6 600 100 40 0 303.1196 304.7816 306.2966 20529.32 20529.32 20639.89 20639.89
7 700 100 40 0 303.4594 305.4202 306.8806 22516.76 22516.76 22627.33 22627.33
8 800 100 40 0.0008313346 303.7615 305.977 307.3724 24404.01 24404.01 24514.58 24514.58
9 900 100 40 0.005268882 303.9987 306.3578 307.6652 26412.11 26412.11 26522.68 26522.68
10 1000 100 40 0.01239158 304.1632 306.6015 307.8391 28491.4 28491.4 28601.97 28601.97
11 1100 100 40 0.02111757 304.2728 306.7538 307.951 30583.5 30583.5 30694.07 30694.07
12 1200 100 40 0.03080666 304.3452 306.8518 308.0314 32684.9 32684.9 32795.47 32795.47
13 1300 100 40 0.04101569 304.3925 306.9161 308.0914 34778.14 34778.14 34888.71 34888.71
14 1400 100 40 0.05154011 304.4273 306.9616 308.1404 36871.21 36871.21 36981.79 36981.79
15 1500 100 40 0.06223646 304.4485 306.9952 308.1815 38959.25 38959.25 39069.82 39069.82
16 1600 100 40 0.07300584 304.4681 307.0211 308.2162 41036.68 41036.68 41147.25 41147.25
17 1700 100 40 0.08379726 304.4811 307.0424 308.2475 43104.25 43104.25 43214.83 43214.83
18 1800 100 40 0.09460703 304.4928 307.0608 308.2761 45165.82 45165.82 45276.4 45276.4
19 1900 100 40 0.1054029 304.5056 307.0773 308.3026 47219.22 47219.22 47329.79 47329.79
20 2000 100 40 0.116158 304.5152 307.0924 308.327 49260.57 49260.57 49371.14 49371.14
21 2100 100 7 0.1269074 304.5252 307.1067 308.3503 51298.26 51298.26 51408.84 51408.84
22 2200 100 7 0.1376268 304.5336 307.1205 308.3723 53328.64 53328.64 53439.21 53439.21
23 2300 100 7 0.1483439 304.5415 307.1338 308.394 55357.43 55357.43 55468 55468
24 2400 100 7 0.1590463 304.5475 307.1469 308.4148 57382.7 57382.7 57493.27 57493.27
25 2500 100 7 0.1697237 304.5555 307.1597 308.4349 59402.6 59402.6 59513.17 59513.17
26 2600 100 7 0.1803758 304.5623 307.1725 308.4542 61417.5 61417.5 61528.07 61528.07
27 2700 100 7 0.1910021 304.5695 307.185 308.4729 63426.93 63426.93 63537.5 63537.5
28 2800 100 7 0.2016288 304.5766 307.1974 308.4918 65435.97 65435.97 65546.55 65546.55
29 2900 100 7 0.2122379 304.5823 307.21 308.5113 67442.43 67442.43 67553 67553
30 3000 100 7 0.2227691 304.5897 307.2225 308.5301 69434.23 69434.23 69544.8 69544.8
31 3100 100 7 0.2333122 304.5953 307.2352 308.5493 71428.49 71428.49 71539.06 71539.06
32 3200 100 7 0.2437829 304.6021 307.2476 308.5675 73408.85 73408.85 73519.42 73519.42
33 3300 100 7 0.2542585 304.6077 307.2604 308.5869 75391.14 75391.14 75501.72 75501.72
34 3400 100 7 0.2646728 304.6142 307.2732 308.606 77362.15 77362.15 77472.72 77472.72
35 3500 100 7 0.2750485 304.621 307.2863 308.6253 79326.65 79326.65 79437.22 79437.22
36 3600 100 7 0.285403 304.6267 307.2994 308.6444 81287.61 81287.61 81398.18 81398.18
37 3700 100 7 0.2957222 304.6333 307.3126 308.6636 83242.06 83242.06 83352.64 83352.64
38 3800 100 7 0.3059903 304.6376 307.326 308.683 85188 85188 85298.58 85298.58
39 3900 100 7 0.3162108 304.6443 307.3397 308.7023 87125.68 87125.68 87236.25 87236.25
40 4000 100 7 0.326391 304.65 307.3538 308.7224 89057.27 89057.27 89167.84 89167.84
41 4100 100 7 0.336547 304.6565 307.368 308.7428 90984.52 90984.52 91095.1 91095.1
42 4200 100 7 0.346662 304.6619 307.3827 308.7638 92905.89 92905.89 93016.47 93016.47
43 4300 100 7 0.3567105 304.6666 307.3974 308.7845 94815.13 94815.13 94925.7 94925.7
44 4400 100 7 0.3667297 304.6737 307.4125 308.8057 96719.8 96719.8 96830.37 96830.37
45 4500 100 7 0.3767005 304.6801 307.428 308.8273 98617.08 98617.08 98727.65 98727.65
46 4600 100 7 0.3866428 304.6859 307.4439 308.8489 100510.1 100510.1 100620.6 100620.6
47 4700 100 7 0.3965432 304.6937 307.46 308.871 102396.1 102396.1 102506.6 102506.6
48 4800 100 7 0.4064604 304.6991 307.4771 308.8953 104288.3 104288.3 104398.9 104398.9
49 4900 100 7 0.4163642 304.7053 307.4947 308.9199 106179.2 106179.2 106289.8 106289.8
50 5000 100 7 0.4262474 304.7121 307.5127 308.9448 108067.9 108067.9 108178.5 108178.5
51 5100 100 7 0.4360975 304.7196 307.5315 308.9701 109953.1 109953.1 110063.7 110063.7
52 5200 100 7 0.4459387 304.7268 307.5513 308.9971 111839.5 111839.5 111950.1 111950.1
53 5300 100 7 0.4558136 304.7334 307.5721 309.0261 113735.3 113735.3 113845.8 113845.8
54 5400 100 7 0.4656801 304.7403 307.593 309.0544 115630 115630 115740.5 115740.5
55 5500 100 7 0.4755383 304.7483 307.6143 309.0824 117524.3 117524.3 117634.9 117634.9
56 5600 100 7 0.4853579 304.7565 307.6367 309.111 119414.7 119414.7 119525.3 119525.3
57 5700 100 7 0.4951385 304.7625 307.6595 309.1396 121299.4 121299.4 121410 121410
58 5800 100 7 0.504853 304.7714 307.6827 309.1674 123172.9 123172.9 123283.5 123283.5
59 5900 100 7 0.5145545 304.7799 307.707 309.1975 125047.5 125047.5 125158.1 125158.1
60 6000 100 7 0.5242289 304.7878 307.7325 309.2284 126920.8 126920.8 127031.4 127031.4
61 6100 100 7 0.5338864 304.7981 307.7591 309.2604 128794.3 128794.3 128904.9 128904.9
62 6200 100 7 0.5434955 304.8065 307.7874 309.2936 130664.1 130664.1 130774.7 130774.7
63 6300 100 7 0.5530725 304.8161 307.8163 309.327 132529.9 132529.9 132640.5 132640.5
64 6400 100 7 0.5625921 304.8244 307.8463 309.3606 134388.5 134388.5 134499 134499
65 6500 100 7 0.5720246 304.8355 307.8788 309.3954 136238.9 136238.9 136349.5 136349.5
66 6600 100 7 0.5813908 304.8463 307.9136 309.4326 138083.8 138083.8 138194.3 138194.3
67 6700 100 7 0.5906514 304.8558 307.9496 309.4694 139913.2 139913.2 140023.7 140023.7
68 6800 100 7 0.599824 304.8672 307.9881 309.5085 141733.7 141733.7 141844.2 141844.2
69 6900 100 7 0.6088881 304.8784 308.0292 309.5497 143542.5 143542.5 143653.1 143653.1
70 7000 100 7 0.6178682 304.891 308.0724 309.5928 145342 145342 145452.5 145452.5
71 7100 100 7 0.6267408 304.9026 308.1176 309.6368 147127.8 147127.8 147238.3 147238.3
72 7200 100 7 0.6355268 304.9158 308.1656 309.6838 148906.7 148906.7 149017.3 149017.3
73 7300 100 7 0.644218 304.9298 308.2157 309.732 150674 150674 150784.6 150784.6
74 7400 100 7 0.6527968 304.9436 308.2686 309.7816 152429.5 152429.5 152540.1 152540.1
75 7500 100 7 0.6612005 304.9592 308.3276 309.8344 154171.3 154171.3 154281.9 154281.9
76 7600 100 7 0.6693876 304.9755 308.3939 309.8907 155895.8 155895.8 156006.4 156006.4
77 7700 100 7 0.6774736 304.9945 308.4632 309.9529 157610.9 157610.9 157721.5 157721.5
78 7800 100 7 0.6854409 305.015 308.5331 310.0153 159305.6 159305.6 159416.2 159416.2
79 7900 100 7 0.6932851 305.0366 308.6055 310.0806 160985.6 160985.6 161096.2 161096.2
80 8000 100 7 0.700949 305.0603 308.6843 310.1497 162651.9 162651.9 162762.5 162762.5
81 8100 100 7 0.7084347 305.0867 308.7661 310.2198 164294.9 164294.9 164405.4 164405.4
82 8200 100 7 0.7158164 305.1136 308.8481 310.2916 165918.6 165918.6 166029.2 166029.2
83 8300 100 7 0.7231069 305.1417 308.9289 310.3636 167522 167522 167632.6 167632.6
84 8400 100 7 0.7303092 305.1685 309.0099 310.4368 169109.7 169109.7 169220.3 169220.3
85 8500 100 7 0.7374174 305.1999 309.0913 310.5103 170681.1 170681.1 170791.7 170791.7
86 8600 100 7 0.7444283 305.2326 309.1731 310.5839 172235.5 172235.5 172346.1 172346.1
87 8700 100 7 0.7513337 305.2703 309.2557 310.6577 173773.3 173773.3 173883.8 173883.8
88 8800 100 7 0.7580743 305.3103 309.3426 310.7333 175293.5 175293.5 175404 175404
89 8900 100 7 0.7646675 305.352 309.4312 310.8103 176792 176792 176902.6 176902.6
90 9000 100 7 0.7711397 305.392 309.5194 310.8872 178266.5 178266.5 178377.1 178377.1
91 9100 100 7 0.7775296 305.4355 309.6072 310.9655 179724.8 179724.8 179835.4 179835.4
92 9200 100 7 0.7838445 305.4843 309.696 311.0461 181172 181172 181282.5 181282.5
93 9300 100 7 0.7900513 305.5373 309.785 311.1263 182600 182600 182710.6 182710.6
94 9400 100 7 0.7961535 305.5878 309.8744 311.206 184009.8 184009.8 184120.3 184120.3
95 9500 100 7 0.802123 305.6398 309.9634 311.2842 185393.5 185393.5 185504.1 185504.1
96 9600 100 7 0.8079664 305.6921 310.0531 311.3632 186756.2 186756.2 186866.8 186866.8
97 9700 100 7 0.8136812 305.7478 310.1425 311.4411 188094.1 188094.1 188204.7 188204.7
98 9800 100 7 0.8192545 305.8054 310.2322 311.5182 189406.8 189406.8 189517.4 189517.4
99 9900 100 7 0.824684 305.8628 310.3228 311.5959 190695.7 190695.7 190806.3 190806.3
100 10000 100 7 0.8299465 305.9238 310.4154 311.6741 191959.6 191959.6 192070.2 192070.2
101 10100 100 7 0.8349968 305.9934 310.5121 311.7534 193196.9 193196.9 193307.5 193307.5
102 10200 100 7 0.8398342 306.0621 310.6103 311.8322 194399.8 194399.8 194510.4 194510.4
103 10300 100 7 0.8444284 306.1313 310.7137 311.9128 195573.4 195573.4 195684 195684
104 10400 100 7 0.8487681 306.2016 310.8243 311.997 196722.5 196722.5 196833.1 196833.1
105 10500 100 7 0.8529471 306.2712 310.9349 312.0819 197841.5 197841.5 197952 197952
106 10600 100 7 0.8569562 306.3382 311.0452 312.168 198928.2 198928.2 199038.7 199038.7
107 10700 100 7 0.8608356 306.4055 311.1552 312.2558 199989.9 199989.9 200100.5 200100.5
108 10800 100 7 0.8645881 306.4686 311.2638 312.3432 201023.6 201023.6 201134.2 201134.2
