"report-file-0"
"Time Step" "flow-time etc.."
("Time Step" "flow-time" "delta-time" "iters-per-timestep" "melting-francion" "outlet-temp" "pcm-temp" "pv-temp" "total-energy" "total-enternal-energy" "total-enthalpy" "total-entholpy-deviasion")
0 0 100 0 0 300.15 300.15 300.15 6114.127 6114.127 6224.699 6224.699
1 100 100 40 0 300.4995 300.5133 301.2266 7244.813 7244.813 7355.386 7355.386
2 200 100 40 0 300.8249 300.9594 301.7961 8633.098 8633.098 8743.67 8743.67
3 300 100 40 0 301.1111 301.4194 302.2906 10064.86 10064.86 10175.43 10175.43
4 400 100 40 0 301.3711 301.8659 302.7366 11454.55 11454.55 11565.12 11565.12
5 500 100 40 0 301.6052 302.2855 303.1373 12760.43 12760.43 12871 12871
6 600 100 40 0 301.8221 302.6942 303.5273 14032.57 14032.57 14143.14 14143.14
7 700 100 40 0 302.0278 303.0742 303.88 15215.27 15215.27 15325.84 15325.84
8 800 100 40 0 302.2141 303.4249 304.2005 16306.67 16306.67 16417.24 16417.24
9 900 100 40 0 302.3823 303.7487 304.4939 17314.62 17314.62 17425.2 17425.2
10 1000 100 40 0 302.5339 304.0465 304.7619 18241.37 18241.37 18351.94 18351.94
11 1100 100 40 0 302.6765 304.3185 305.0049 19087.92 19087.92 19198.49 19198.49
12 1200 100 40 0 302.8089 304.5685 305.2281 19866.02 19866.02 19976.6 19976.6
13 1300 100 40 0 302.9282 304.7991 305.4337 20583.96 20583.96 20694.53 20694.53
14 1400 100 40 0 303.0485 305.0107 305.6219 21242.42 21242.42 21352.99 21352.99
15 1500 100 40 0 303.1521 305.2046 305.7941 21845.88 21845.88 21956.46 21956.46
16 1600 100 40 0 303.2445 305.3821 305.9509 22398.27 22398.27 22508.84 22508.84
17 1700 100 40 0 303.333 305.5459 306.0965 22907.98 22907.98 23018.55 23018.55
18 1800 100 40 0 303.4125 305.6981 306.2324 23381.71 23381.71 23492.29 23492.29
19 1900 100 40 9.468913e-05 303.4839 305.8388 306.3579 23837.18 23837.18 23947.75 23947.75
20 2000 100 40 0.0004483116 303.5479 305.9586 306.4603 24275.7 24275.7 24386.27 24386.27
21 2100 100 10 0.00108208 303.6072 306.0603 306.5466 24709.64 24709.64 24820.21 24820.21
22 2200 100 10 0.001943965 303.6552 306.145 306.6187 25133.04 25133.04 25243.61 25243.61
23 2300 100 10 0.003013179 303.697 306.215 306.6786 25549.45 25549.45 25660.02 25660.02
24 2400 100 10 0.004240631 303.7298 306.2731 306.7285 25957.66 25957.66 26068.24 26068.24
25 2500 100 10 0.005620306 303.7599 306.3213 306.7711 26363.44 26363.44 26474.01 26474.01
26 2600 100 10 0.007099345 303.7854 306.36 306.8051 26758.27 26758.27 26868.84 26868.84
27 2700 100 10 0.008669905 303.8026 306.3922 306.8346 27149.88 27149.88 27260.45 27260.45
28 2800 100 10 0.01031469 303.8201 306.4187 306.8592 27537.19 27537.19 27647.76 27647.76
29 2900 100 10 0.01204319 303.8348 306.4421 306.8825 27930.51 27930.51 28041.08 28041.08
30 3000 100 10 0.01379844 303.8469 306.4618 306.902 28317.34 28317.34 28427.92 28427.92
31 3100 100 10 0.01559185 303.8585 306.4785 306.9189 28701.95 28701.95 28812.52 28812.52
32 3200 100 10 0.01740001 303.8683 306.4924 306.933 29080.44 29080.44 29191.01 29191.01
33 3300 100 10 0.0192148 303.8741 306.5042 306.9451 29453.5 29453.5 29564.07 29564.07
34 3400 100 10 0.02106461 303.8804 306.5154 306.9576 29831.54 29831.54 29942.12 29942.12
35 3500 100 10 0.02291115 303.8878 306.5254 306.9685 30205.05 30205.05 30315.62 30315.62
36 3600 100 10 0.02475221 303.8919 306.5338 306.9775 30572.45 30572.45 30683.03 30683.03
37 3700 100 10 0.0266115 303.8944 306.5412 306.9858 30940.27 30940.27 31050.84 31050.84
38 3800 100 10 0.02847118 303.8998 306.5487 306.9946 31308.68 31308.68 31419.25 31419.25
39 3900 100 10 0.03032359 303.9034 306.5551 307.0016 31671.91 31671.91 31782.49 31782.49
40 4000 100 10 0.0321612 303.9072 306.5614 307.0089 32032.37 32032.37 32142.95 32142.95
41 4100 100 10 0.03399058 303.9106 306.5668 307.0149 32388.26 32388.26 32498.83 32498.83
42 4200 100 10 0.03582242 303.9123 306.5716 307.0204 32742.84 32742.84 32853.41 32853.41
43 4300 100 10 0.03767281 303.9153 306.5765 307.0265 33101.48 33101.48 33212.06 33212.06
44 4400 100 10 0.03950904 303.9187 306.5819 307.0328 33458.7 33458.7 33569.27 33569.27
45 4500 100 10 0.04134491 303.9211 306.5862 307.0377 33812.42 33812.42 33922.99 33922.99
46 4600 100 10 0.04318747 303.9257 306.5909 307.0433 34168.55 34168.55 34279.12 34279.12
47 4700 100 10 0.04502486 303.9275 306.595 307.0482 34522.15 34522.15 34632.73 34632.73
48 4800 100 10 0.04685172 303.9301 306.5989 307.0526 34873.06 34873.06 34983.64 34983.64
49 4900 100 10 0.04868439 303.9315 306.6031 307.0576 35225.87 35225.87 35336.45 35336.45
50 5000 100 10 0.05051436 303.9326 306.6067 307.0617 35576.42 35576.42 35687 35687
51 5100 100 10 0.05232232 303.9351 306.6096 307.0648 35920.71 35920.71 36031.28 36031.28
52 5200 100 10 0.05413236 303.937 306.6127 307.0684 36266 36266 36376.57 36376.57
53 5300 100 10 0.05592864 303.9353 306.6159 307.0722 36609.05 36609.05 36719.62 36719.62
54 5400 100 10 0.05775405 303.9392 306.6198 307.0771 36959.81 36959.81 37070.38 37070.38
55 5500 100 10 0.05956646 303.9401 306.6236 307.0814 37307.76 37307.76 37418.33 37418.33
56 5600 100 10 0.06136959 303.9417 306.6272 307.0854 37653.32 37653.32 37763.9 37763.9
57 5700 100 10 0.06317251 303.9448 306.6309 307.0895 37999.01 37999.01 38109.58 38109.58
58 5800 100 10 0.06496465 303.9472 306.6343 307.0932 38342.05 38342.05 38452.62 38452.62
59 5900 100 10 0.06675445 303.9519 306.637 307.0959 38682.23 38682.23 38792.81 38792.81
60 6000 100 10 0.06853627 303.951 306.64 307.0993 39022 39022 39132.57 39132.57
61 6100 100 10 0.07031174 303.9546 306.6432 307.103 39361.21 39361.21 39471.78 39471.78
62 6200 100 10 0.07206523 303.9523 306.6465 307.1064 39696.7 39696.7 39807.27 39807.27
63 6300 100 10 0.07381947 303.9558 306.6492 307.1092 40030.35 40030.35 40140.93 40140.93
64 6400 100 10 0.07557993 303.9582 306.6522 307.1125 40365.95 40365.95 40476.52 40476.52
65 6500 100 10 0.07732898 303.96 306.6548 307.1152 40698.38 40698.38 40808.95 40808.95
66 6600 100 10 0.07907274 303.9597 306.6573 307.1178 41029.47 41029.47 41140.05 41140.05
67 6700 100 10 0.08082884 303.9617 306.6602 307.1211 41364.1 41364.1 41474.67 41474.67
68 6800 100 10 0.0825633 303.9622 306.6624 307.1233 41692.7 41692.7 41803.28 41803.28
69 6900 100 10 0.08430417 303.9631 306.6646 307.1257 42022.35 42022.35 42132.93 42132.93
70 7000 100 10 0.08603282 303.9643 306.6673 307.1286 42351.36 42351.36 42461.93 42461.93
71 7100 100 10 0.08774912 303.9652 306.6699 307.1313 42677.54 42677.54 42788.11 42788.11
72 7200 100 10 0.08945405 303.968 306.6725 307.1339 43001.89 43001.89 43112.46 43112.46
73 7300 100 10 0.09116346 303.9692 306.675 307.1366 43326.6 43326.6 43437.17 43437.17
74 7400 100 10 0.09286793 303.9709 306.6775 307.1391 43650.43 43650.43 43761 43761
75 7500 100 10 0.09456457 303.9704 306.6804 307.1422 43973.96 43973.96 44084.53 44084.53
76 7600 100 10 0.09626537 303.9715 306.6826 307.1444 44296.46 44296.46 44407.03 44407.03
77 7700 100 10 0.09797136 303.9746 306.6852 307.1471 44620.72 44620.72 44731.3 44731.3
78 7800 100 10 0.09967043 303.9747 306.6884 307.1506 44945.59 44945.59 45056.16 45056.16
79 7900 100 10 0.1013604 303.9771 306.6908 307.1529 45266.63 45266.63 45377.2 45377.2
80 8000 100 10 0.1030457 303.9768 306.6932 307.1554 45586.67 45586.67 45697.24 45697.24
81 8100 100 10 0.104732 303.978 306.6955 307.1577 45906.46 45906.46 46017.04 46017.04
82 8200 100 10 0.1063937 303.979 306.6978 307.1599 46221.85 46221.85 46332.43 46332.43
83 8300 100 10 0.1080675 303.9823 306.7009 307.1632 46541.68 46541.68 46652.26 46652.26
84 8400 100 10 0.1097362 303.9831 306.7036 307.1659 46859.6 46859.6 46970.17 46970.17
85 8500 100 10 0.1114092 303.9832 306.7059 307.1682 47176.98 47176.98 47287.55 47287.55
86 8600 100 10 0.1130683 303.984 306.7084 307.1706 47492.44 47492.44 47603.01 47603.01
87 8700 100 10 0.1147089 303.9861 306.7101 307.1719 47801.87 47801.87 47912.45 47912.45
88 8800 100 10 0.1163398 303.9858 306.7126 307.1746 48112.22 48112.22 48222.79 48222.79
89 8900 100 10 0.1179729 303.9868 306.7147 307.1765 48421.37 48421.37 48531.95 48531.95
90 9000 100 10 0.1196149 303.9876 306.7171 307.179 48733.23 48733.23 48843.8 48843.8
91 9100 100 10 0.121245 303.9881 306.7194 307.1812 49042.73 49042.73 49153.3 49153.3
92 9200 100 10 0.1228892 303.9903 306.722 307.1841 49355.92 49355.92 49466.5 49466.5
93 9300 100 10 0.1245278 303.9908 306.7245 307.1864 49667.43 49667.43 49778 49778
94 9400 100 10 0.1261674 303.9927 306.7277 307.1899 49981.32 49981.32 50091.9 50091.9
95 9500 100 10 0.127789 303.9939 306.7299 307.1917 50288.98 50288.98 50399.55 50399.55
96 9600 100 10 0.1294031 303.9961 306.7322 307.1938 50595.3 50595.3 50705.88 50705.88
97 9700 100 10 0.1310087 303.9959 306.7341 307.1955 50899.1 50899.1 51009.67 51009.67
98 9800 100 10 0.1326135 303.9962 306.7361 307.1973 51202.69 51202.69 51313.26 51313.26
99 9900 100 10 0.1342121 303.9988 306.7381 307.1992 51505.39 51505.39 51615.96 51615.96
100 10000 100 10 0.1357998 303.9977 306.7407 307.2019 51807.83 51807.83 51918.4 51918.4
101 10100 100 10 0.1373856 303.998 306.7428 307.2037 52108.42 52108.42 52218.99 52218.99
102 10200 100 10 0.1389669 303.9984 306.7448 307.2056 52407.86 52407.86 52518.43 52518.43
103 10300 100 10 0.1405506 303.9996 306.7468 307.2076 52707.9 52707.9 52818.47 52818.47
104 10400 100 10 0.1421306 303.9995 306.7488 307.2094 53007.11 53007.11 53117.68 53117.68
105 10500 100 10 0.1437049 304.0005 306.7505 307.2107 53304.19 53304.19 53414.77 53414.77
106 10600 100 10 0.1452907 304.0031 306.7532 307.2138 53606.72 53606.72 53717.29 53717.29
107 10700 100 10 0.1468643 304.0052 306.7557 307.2161 53906.24 53906.24 54016.81 54016.81
108 10800 100 10 0.1484203 304.0058 306.7577 307.2177 54201.12 54201.12 54311.7 54311.7
